2021-03-03 19:40:02,767 WARN  [SoapUI] Missing folder [C:\Users\AnandKR\git\IBM_SoapUI\ext] for external libraries
2021-03-03 19:40:03,272 INFO  [DefaultSoapUICore] initialized soapui-settings from [C:\Users\AnandKR\soapui-settings.xml]
2021-03-03 19:40:05,706 WARN  [SoapUI] Plugin 'ready-uxm-plugin-os-1.0.3.jar' is not loaded because it hasn't been signed by SmartBear Software.
2021-03-03 19:40:07,096 INFO  [PluginManager] Adding plugin from [C:\Users\AnandKR\.soapuios\plugins\ready-mqtt-plugin-dist.jar]
2021-03-03 19:40:07,098 INFO  [PluginManager] Adding plugin from [C:\Users\AnandKR\.soapuios\plugins\soapui-swagger-plugin-2.2-dist.jar]
2021-03-03 19:40:09,574 ERROR [SoapUI] An error occurred [com.eviware.soapui.plugins.auto.factories.AutoDiscoveryMethodFactory], see error log for details
2021-03-03 19:40:09,581 ERROR [errorlog] java.lang.ClassNotFoundException: com.eviware.soapui.plugins.auto.factories.AutoDiscoveryMethodFactory
java.lang.ClassNotFoundException: com.eviware.soapui.plugins.auto.factories.AutoDiscoveryMethodFactory
	at org.codehaus.plexus.classworlds.strategy.SelfFirstStrategy.loadClass(SelfFirstStrategy.java:50)
	at org.codehaus.plexus.classworlds.realm.ClassRealm.unsynchronizedLoadClass(ClassRealm.java:271)
	at org.codehaus.plexus.classworlds.realm.ClassRealm.loadClass(ClassRealm.java:247)
	at org.codehaus.plexus.classworlds.realm.ClassRealm.loadClass(ClassRealm.java:239)
	at java.lang.Class.forName0(Native Method)
	at java.lang.Class.forName(Class.java:264)
	at com.eviware.soapui.plugins.LoaderBase.loadAutoFactories(LoaderBase.java:113)
	at com.eviware.soapui.plugins.LoaderBase.loadFactories(LoaderBase.java:80)
	at com.eviware.soapui.plugins.PluginLoader.loadPluginFactories(PluginLoader.java:141)
	at com.eviware.soapui.plugins.PluginLoader.loadPlugin(PluginLoader.java:104)
	at com.eviware.soapui.plugins.PluginLoader.loadPlugin(PluginLoader.java:54)
	at com.eviware.soapui.plugins.PluginManager.doInstallPlugin(PluginManager.java:141)
	at com.eviware.soapui.plugins.PluginManager.access$600(PluginManager.java:43)
	at com.eviware.soapui.plugins.PluginManager$LoadPluginsTask.computeSequentially(PluginManager.java:420)
	at com.eviware.soapui.plugins.PluginManager$LoadPluginsTask.compute(PluginManager.java:377)
	at com.eviware.soapui.plugins.PluginManager$LoadPluginsTask.compute(PluginManager.java:382)
	at com.eviware.soapui.plugins.PluginManager$LoadPluginsTask.compute(PluginManager.java:365)
	at java.util.concurrent.RecursiveTask.exec(RecursiveTask.java:94)
	at java.util.concurrent.ForkJoinTask.doExec(ForkJoinTask.java:289)
	at java.util.concurrent.ForkJoinPool$WorkQueue.runTask(ForkJoinPool.java:1056)
	at java.util.concurrent.ForkJoinPool.runWorker(ForkJoinPool.java:1692)
	at java.util.concurrent.ForkJoinWorkerThread.run(ForkJoinWorkerThread.java:157)
2021-03-03 19:40:10,132 ERROR [SoapUI] An error occurred [com.eviware.soapui.plugins.auto.factories.AutoImportMethodFactory], see error log for details
2021-03-03 19:40:10,138 ERROR [errorlog] java.lang.ClassNotFoundException: com.eviware.soapui.plugins.auto.factories.AutoImportMethodFactory
java.lang.ClassNotFoundException: com.eviware.soapui.plugins.auto.factories.AutoImportMethodFactory
	at org.codehaus.plexus.classworlds.strategy.SelfFirstStrategy.loadClass(SelfFirstStrategy.java:50)
	at org.codehaus.plexus.classworlds.realm.ClassRealm.unsynchronizedLoadClass(ClassRealm.java:271)
	at org.codehaus.plexus.classworlds.realm.ClassRealm.loadClass(ClassRealm.java:247)
	at org.codehaus.plexus.classworlds.realm.ClassRealm.loadClass(ClassRealm.java:239)
	at java.lang.Class.forName0(Native Method)
	at java.lang.Class.forName(Class.java:264)
	at com.eviware.soapui.plugins.LoaderBase.loadAutoFactories(LoaderBase.java:113)
	at com.eviware.soapui.plugins.LoaderBase.loadFactories(LoaderBase.java:80)
	at com.eviware.soapui.plugins.PluginLoader.loadPluginFactories(PluginLoader.java:141)
	at com.eviware.soapui.plugins.PluginLoader.loadPlugin(PluginLoader.java:104)
	at com.eviware.soapui.plugins.PluginLoader.loadPlugin(PluginLoader.java:54)
	at com.eviware.soapui.plugins.PluginManager.doInstallPlugin(PluginManager.java:141)
	at com.eviware.soapui.plugins.PluginManager.access$600(PluginManager.java:43)
	at com.eviware.soapui.plugins.PluginManager$LoadPluginsTask.computeSequentially(PluginManager.java:420)
	at com.eviware.soapui.plugins.PluginManager$LoadPluginsTask.compute(PluginManager.java:377)
	at com.eviware.soapui.plugins.PluginManager$LoadPluginsTask.compute(PluginManager.java:382)
	at com.eviware.soapui.plugins.PluginManager$LoadPluginsTask.compute(PluginManager.java:365)
	at java.util.concurrent.RecursiveTask.exec(RecursiveTask.java:94)
	at java.util.concurrent.ForkJoinTask.doExec(ForkJoinTask.java:289)
	at java.util.concurrent.ForkJoinPool$WorkQueue.runTask(ForkJoinPool.java:1056)
	at java.util.concurrent.ForkJoinPool.runWorker(ForkJoinPool.java:1692)
	at java.util.concurrent.ForkJoinWorkerThread.run(ForkJoinWorkerThread.java:157)
2021-03-03 19:40:10,262 ERROR [SoapUI] An error occurred [com.eviware.soapui.plugins.auto.factories.AutoDiscoveryMethodFactory], see error log for details
2021-03-03 19:40:10,263 ERROR [errorlog] java.lang.ClassNotFoundException: com.eviware.soapui.plugins.auto.factories.AutoDiscoveryMethodFactory
java.lang.ClassNotFoundException: com.eviware.soapui.plugins.auto.factories.AutoDiscoveryMethodFactory
	at org.codehaus.plexus.classworlds.strategy.SelfFirstStrategy.loadClass(SelfFirstStrategy.java:50)
	at org.codehaus.plexus.classworlds.realm.ClassRealm.unsynchronizedLoadClass(ClassRealm.java:271)
	at org.codehaus.plexus.classworlds.realm.ClassRealm.loadClass(ClassRealm.java:247)
	at org.codehaus.plexus.classworlds.realm.ClassRealm.loadClass(ClassRealm.java:239)
	at java.lang.Class.forName0(Native Method)
	at java.lang.Class.forName(Class.java:264)
	at com.eviware.soapui.plugins.LoaderBase.loadAutoFactories(LoaderBase.java:113)
	at com.eviware.soapui.plugins.LoaderBase.loadFactories(LoaderBase.java:80)
	at com.eviware.soapui.plugins.PluginLoader.loadPluginFactories(PluginLoader.java:141)
	at com.eviware.soapui.plugins.PluginLoader.loadPlugin(PluginLoader.java:104)
	at com.eviware.soapui.plugins.PluginLoader.loadPlugin(PluginLoader.java:54)
	at com.eviware.soapui.plugins.PluginManager.doInstallPlugin(PluginManager.java:141)
	at com.eviware.soapui.plugins.PluginManager.access$600(PluginManager.java:43)
	at com.eviware.soapui.plugins.PluginManager$LoadPluginsTask.computeSequentially(PluginManager.java:420)
	at com.eviware.soapui.plugins.PluginManager$LoadPluginsTask.compute(PluginManager.java:377)
	at com.eviware.soapui.plugins.PluginManager$LoadPluginsTask.compute(PluginManager.java:365)
	at java.util.concurrent.RecursiveTask.exec(RecursiveTask.java:94)
	at java.util.concurrent.ForkJoinTask.doExec(ForkJoinTask.java:289)
	at java.util.concurrent.ForkJoinPool$WorkQueue.runTask(ForkJoinPool.java:1056)
	at java.util.concurrent.ForkJoinPool.runWorker(ForkJoinPool.java:1692)
	at java.util.concurrent.ForkJoinWorkerThread.run(ForkJoinWorkerThread.java:157)
2021-03-03 19:40:10,563 INFO  [PluginManager] Adding plugin from [C:\Users\AnandKR\.soapuios\plugins\ready-uxm-plugin-1.0.1-dist.jar]
2021-03-03 19:40:10,852 ERROR [SoapUI] An error occurred [com.eviware.soapui.plugins.auto.factories.AutoImportMethodFactory], see error log for details
2021-03-03 19:40:10,856 ERROR [errorlog] java.lang.ClassNotFoundException: com.eviware.soapui.plugins.auto.factories.AutoImportMethodFactory
java.lang.ClassNotFoundException: com.eviware.soapui.plugins.auto.factories.AutoImportMethodFactory
	at org.codehaus.plexus.classworlds.strategy.SelfFirstStrategy.loadClass(SelfFirstStrategy.java:50)
	at org.codehaus.plexus.classworlds.realm.ClassRealm.unsynchronizedLoadClass(ClassRealm.java:271)
	at org.codehaus.plexus.classworlds.realm.ClassRealm.loadClass(ClassRealm.java:247)
	at org.codehaus.plexus.classworlds.realm.ClassRealm.loadClass(ClassRealm.java:239)
	at java.lang.Class.forName0(Native Method)
	at java.lang.Class.forName(Class.java:264)
	at com.eviware.soapui.plugins.LoaderBase.loadAutoFactories(LoaderBase.java:113)
	at com.eviware.soapui.plugins.LoaderBase.loadFactories(LoaderBase.java:80)
	at com.eviware.soapui.plugins.PluginLoader.loadPluginFactories(PluginLoader.java:141)
	at com.eviware.soapui.plugins.PluginLoader.loadPlugin(PluginLoader.java:104)
	at com.eviware.soapui.plugins.PluginLoader.loadPlugin(PluginLoader.java:54)
	at com.eviware.soapui.plugins.PluginManager.doInstallPlugin(PluginManager.java:141)
	at com.eviware.soapui.plugins.PluginManager.access$600(PluginManager.java:43)
	at com.eviware.soapui.plugins.PluginManager$LoadPluginsTask.computeSequentially(PluginManager.java:420)
	at com.eviware.soapui.plugins.PluginManager$LoadPluginsTask.compute(PluginManager.java:377)
	at com.eviware.soapui.plugins.PluginManager$LoadPluginsTask.compute(PluginManager.java:365)
	at java.util.concurrent.RecursiveTask.exec(RecursiveTask.java:94)
	at java.util.concurrent.ForkJoinTask.doExec(ForkJoinTask.java:289)
	at java.util.concurrent.ForkJoinPool$WorkQueue.runTask(ForkJoinPool.java:1056)
	at java.util.concurrent.ForkJoinPool.runWorker(ForkJoinPool.java:1692)
	at java.util.concurrent.ForkJoinWorkerThread.run(ForkJoinWorkerThread.java:157)
2021-03-03 19:40:11,158 INFO  [PluginManager] Adding plugin from [C:\Users\AnandKR\.soapuios\plugins\readyapi-postman-1.0.1.jar]
2021-03-03 19:40:12,236 ERROR [SoapUI] An error occurred [com.eviware.soapui.plugins.auto.factories.AutoDiscoveryMethodFactory], see error log for details
2021-03-03 19:40:12,236 ERROR [errorlog] java.lang.ClassNotFoundException: com.eviware.soapui.plugins.auto.factories.AutoDiscoveryMethodFactory
java.lang.ClassNotFoundException: com.eviware.soapui.plugins.auto.factories.AutoDiscoveryMethodFactory
	at org.codehaus.plexus.classworlds.strategy.SelfFirstStrategy.loadClass(SelfFirstStrategy.java:50)
	at org.codehaus.plexus.classworlds.realm.ClassRealm.unsynchronizedLoadClass(ClassRealm.java:271)
	at org.codehaus.plexus.classworlds.realm.ClassRealm.loadClass(ClassRealm.java:247)
	at org.codehaus.plexus.classworlds.realm.ClassRealm.loadClass(ClassRealm.java:239)
	at java.lang.Class.forName0(Native Method)
	at java.lang.Class.forName(Class.java:264)
	at com.eviware.soapui.plugins.LoaderBase.loadAutoFactories(LoaderBase.java:113)
	at com.eviware.soapui.plugins.LoaderBase.loadFactories(LoaderBase.java:80)
	at com.eviware.soapui.plugins.PluginLoader.loadPluginFactories(PluginLoader.java:141)
	at com.eviware.soapui.plugins.PluginLoader.loadPlugin(PluginLoader.java:104)
	at com.eviware.soapui.plugins.PluginLoader.loadPlugin(PluginLoader.java:54)
	at com.eviware.soapui.plugins.PluginManager.doInstallPlugin(PluginManager.java:141)
	at com.eviware.soapui.plugins.PluginManager.access$600(PluginManager.java:43)
	at com.eviware.soapui.plugins.PluginManager$LoadPluginsTask.computeSequentially(PluginManager.java:420)
	at com.eviware.soapui.plugins.PluginManager$LoadPluginsTask.compute(PluginManager.java:377)
	at com.eviware.soapui.plugins.PluginManager$LoadPluginsTask.compute(PluginManager.java:382)
	at com.eviware.soapui.plugins.PluginManager$LoadPluginsTask.compute(PluginManager.java:365)
	at java.util.concurrent.RecursiveTask.exec(RecursiveTask.java:94)
	at java.util.concurrent.ForkJoinTask.doExec(ForkJoinTask.java:289)
	at java.util.concurrent.ForkJoinPool$WorkQueue.runTask(ForkJoinPool.java:1056)
	at java.util.concurrent.ForkJoinPool.runWorker(ForkJoinPool.java:1692)
	at java.util.concurrent.ForkJoinWorkerThread.run(ForkJoinWorkerThread.java:157)
2021-03-03 19:40:12,253 ERROR [SoapUI] An error occurred [com.eviware.soapui.plugins.auto.factories.AutoDiscoveryMethodFactory], see error log for details
2021-03-03 19:40:12,259 ERROR [errorlog] java.lang.ClassNotFoundException: com.eviware.soapui.plugins.auto.factories.AutoDiscoveryMethodFactory
java.lang.ClassNotFoundException: com.eviware.soapui.plugins.auto.factories.AutoDiscoveryMethodFactory
	at org.codehaus.plexus.classworlds.strategy.SelfFirstStrategy.loadClass(SelfFirstStrategy.java:50)
	at org.codehaus.plexus.classworlds.realm.ClassRealm.unsynchronizedLoadClass(ClassRealm.java:271)
	at org.codehaus.plexus.classworlds.realm.ClassRealm.loadClass(ClassRealm.java:247)
	at org.codehaus.plexus.classworlds.realm.ClassRealm.loadClass(ClassRealm.java:239)
	at java.lang.Class.forName0(Native Method)
	at java.lang.Class.forName(Class.java:264)
	at com.eviware.soapui.plugins.LoaderBase.loadAutoFactories(LoaderBase.java:113)
	at com.eviware.soapui.plugins.LoaderBase.loadFactories(LoaderBase.java:80)
	at com.eviware.soapui.plugins.PluginLoader.loadPluginFactories(PluginLoader.java:141)
	at com.eviware.soapui.plugins.PluginLoader.loadPlugin(PluginLoader.java:104)
	at com.eviware.soapui.plugins.PluginLoader.loadPlugin(PluginLoader.java:54)
	at com.eviware.soapui.plugins.PluginManager.doInstallPlugin(PluginManager.java:141)
	at com.eviware.soapui.plugins.PluginManager.access$600(PluginManager.java:43)
	at com.eviware.soapui.plugins.PluginManager$LoadPluginsTask.computeSequentially(PluginManager.java:420)
	at com.eviware.soapui.plugins.PluginManager$LoadPluginsTask.compute(PluginManager.java:377)
	at com.eviware.soapui.plugins.PluginManager$LoadPluginsTask.compute(PluginManager.java:365)
	at java.util.concurrent.RecursiveTask.exec(RecursiveTask.java:94)
	at java.util.concurrent.ForkJoinTask.doExec(ForkJoinTask.java:289)
	at java.util.concurrent.ForkJoinPool$WorkQueue.runTask(ForkJoinPool.java:1056)
	at java.util.concurrent.ForkJoinPool.runWorker(ForkJoinPool.java:1692)
	at java.util.concurrent.ForkJoinWorkerThread.run(ForkJoinWorkerThread.java:157)
2021-03-03 19:40:12,446 ERROR [SoapUI] An error occurred [com.eviware.soapui.plugins.auto.factories.AutoImportMethodFactory], see error log for details
2021-03-03 19:40:12,454 ERROR [errorlog] java.lang.ClassNotFoundException: com.eviware.soapui.plugins.auto.factories.AutoImportMethodFactory
java.lang.ClassNotFoundException: com.eviware.soapui.plugins.auto.factories.AutoImportMethodFactory
	at org.codehaus.plexus.classworlds.strategy.SelfFirstStrategy.loadClass(SelfFirstStrategy.java:50)
	at org.codehaus.plexus.classworlds.realm.ClassRealm.unsynchronizedLoadClass(ClassRealm.java:271)
	at org.codehaus.plexus.classworlds.realm.ClassRealm.loadClass(ClassRealm.java:247)
	at org.codehaus.plexus.classworlds.realm.ClassRealm.loadClass(ClassRealm.java:239)
	at java.lang.Class.forName0(Native Method)
	at java.lang.Class.forName(Class.java:264)
	at com.eviware.soapui.plugins.LoaderBase.loadAutoFactories(LoaderBase.java:113)
	at com.eviware.soapui.plugins.LoaderBase.loadFactories(LoaderBase.java:80)
	at com.eviware.soapui.plugins.PluginLoader.loadPluginFactories(PluginLoader.java:141)
	at com.eviware.soapui.plugins.PluginLoader.loadPlugin(PluginLoader.java:104)
	at com.eviware.soapui.plugins.PluginLoader.loadPlugin(PluginLoader.java:54)
	at com.eviware.soapui.plugins.PluginManager.doInstallPlugin(PluginManager.java:141)
	at com.eviware.soapui.plugins.PluginManager.access$600(PluginManager.java:43)
	at com.eviware.soapui.plugins.PluginManager$LoadPluginsTask.computeSequentially(PluginManager.java:420)
	at com.eviware.soapui.plugins.PluginManager$LoadPluginsTask.compute(PluginManager.java:377)
	at com.eviware.soapui.plugins.PluginManager$LoadPluginsTask.compute(PluginManager.java:382)
	at com.eviware.soapui.plugins.PluginManager$LoadPluginsTask.compute(PluginManager.java:365)
	at java.util.concurrent.RecursiveTask.exec(RecursiveTask.java:94)
	at java.util.concurrent.ForkJoinTask.doExec(ForkJoinTask.java:289)
	at java.util.concurrent.ForkJoinPool$WorkQueue.runTask(ForkJoinPool.java:1056)
	at java.util.concurrent.ForkJoinPool.runWorker(ForkJoinPool.java:1692)
	at java.util.concurrent.ForkJoinWorkerThread.run(ForkJoinWorkerThread.java:157)
2021-03-03 19:40:12,641 ERROR [SoapUI] An error occurred [com.eviware.soapui.plugins.auto.factories.AutoImportMethodFactory], see error log for details
2021-03-03 19:40:12,641 ERROR [errorlog] java.lang.ClassNotFoundException: com.eviware.soapui.plugins.auto.factories.AutoImportMethodFactory
java.lang.ClassNotFoundException: com.eviware.soapui.plugins.auto.factories.AutoImportMethodFactory
	at org.codehaus.plexus.classworlds.strategy.SelfFirstStrategy.loadClass(SelfFirstStrategy.java:50)
	at org.codehaus.plexus.classworlds.realm.ClassRealm.unsynchronizedLoadClass(ClassRealm.java:271)
	at org.codehaus.plexus.classworlds.realm.ClassRealm.loadClass(ClassRealm.java:247)
	at org.codehaus.plexus.classworlds.realm.ClassRealm.loadClass(ClassRealm.java:239)
	at java.lang.Class.forName0(Native Method)
	at java.lang.Class.forName(Class.java:264)
	at com.eviware.soapui.plugins.LoaderBase.loadAutoFactories(LoaderBase.java:113)
	at com.eviware.soapui.plugins.LoaderBase.loadFactories(LoaderBase.java:80)
	at com.eviware.soapui.plugins.PluginLoader.loadPluginFactories(PluginLoader.java:141)
	at com.eviware.soapui.plugins.PluginLoader.loadPlugin(PluginLoader.java:104)
	at com.eviware.soapui.plugins.PluginLoader.loadPlugin(PluginLoader.java:54)
	at com.eviware.soapui.plugins.PluginManager.doInstallPlugin(PluginManager.java:141)
	at com.eviware.soapui.plugins.PluginManager.access$600(PluginManager.java:43)
	at com.eviware.soapui.plugins.PluginManager$LoadPluginsTask.computeSequentially(PluginManager.java:420)
	at com.eviware.soapui.plugins.PluginManager$LoadPluginsTask.compute(PluginManager.java:377)
	at com.eviware.soapui.plugins.PluginManager$LoadPluginsTask.compute(PluginManager.java:365)
	at java.util.concurrent.RecursiveTask.exec(RecursiveTask.java:94)
	at java.util.concurrent.ForkJoinTask.doExec(ForkJoinTask.java:289)
	at java.util.concurrent.ForkJoinPool$WorkQueue.runTask(ForkJoinPool.java:1056)
	at java.util.concurrent.ForkJoinPool.runWorker(ForkJoinPool.java:1692)
	at java.util.concurrent.ForkJoinWorkerThread.run(ForkJoinWorkerThread.java:157)
2021-03-03 19:40:12,839 INFO  [PluginManager] Adding plugin from [C:\Users\AnandKR\.soapuios\plugins\readyapi-swaggerhub-plugin-1.0.jar]
2021-03-03 19:40:13,675 ERROR [SoapUI] An error occurred [com.eviware.soapui.plugins.auto.factories.AutoDiscoveryMethodFactory], see error log for details
2021-03-03 19:40:13,675 ERROR [errorlog] java.lang.ClassNotFoundException: com.eviware.soapui.plugins.auto.factories.AutoDiscoveryMethodFactory
java.lang.ClassNotFoundException: com.eviware.soapui.plugins.auto.factories.AutoDiscoveryMethodFactory
	at org.codehaus.plexus.classworlds.strategy.SelfFirstStrategy.loadClass(SelfFirstStrategy.java:50)
	at org.codehaus.plexus.classworlds.realm.ClassRealm.unsynchronizedLoadClass(ClassRealm.java:271)
	at org.codehaus.plexus.classworlds.realm.ClassRealm.loadClass(ClassRealm.java:247)
	at org.codehaus.plexus.classworlds.realm.ClassRealm.loadClass(ClassRealm.java:239)
	at java.lang.Class.forName0(Native Method)
	at java.lang.Class.forName(Class.java:264)
	at com.eviware.soapui.plugins.LoaderBase.loadAutoFactories(LoaderBase.java:113)
	at com.eviware.soapui.plugins.LoaderBase.loadFactories(LoaderBase.java:80)
	at com.eviware.soapui.plugins.PluginLoader.loadPluginFactories(PluginLoader.java:141)
	at com.eviware.soapui.plugins.PluginLoader.loadPlugin(PluginLoader.java:104)
	at com.eviware.soapui.plugins.PluginLoader.loadPlugin(PluginLoader.java:54)
	at com.eviware.soapui.plugins.PluginManager.doInstallPlugin(PluginManager.java:141)
	at com.eviware.soapui.plugins.PluginManager.access$600(PluginManager.java:43)
	at com.eviware.soapui.plugins.PluginManager$LoadPluginsTask.computeSequentially(PluginManager.java:420)
	at com.eviware.soapui.plugins.PluginManager$LoadPluginsTask.compute(PluginManager.java:377)
	at com.eviware.soapui.plugins.PluginManager$LoadPluginsTask.compute(PluginManager.java:382)
	at com.eviware.soapui.plugins.PluginManager$LoadPluginsTask.compute(PluginManager.java:365)
	at java.util.concurrent.RecursiveTask.exec(RecursiveTask.java:94)
	at java.util.concurrent.ForkJoinTask.doExec(ForkJoinTask.java:289)
	at java.util.concurrent.ForkJoinPool$WorkQueue.runTask(ForkJoinPool.java:1056)
	at java.util.concurrent.ForkJoinPool.runWorker(ForkJoinPool.java:1692)
	at java.util.concurrent.ForkJoinWorkerThread.run(ForkJoinWorkerThread.java:157)
2021-03-03 19:40:13,878 ERROR [SoapUI] An error occurred [com.eviware.soapui.plugins.auto.factories.AutoImportMethodFactory], see error log for details
2021-03-03 19:40:13,887 ERROR [errorlog] java.lang.ClassNotFoundException: com.eviware.soapui.plugins.auto.factories.AutoImportMethodFactory
java.lang.ClassNotFoundException: com.eviware.soapui.plugins.auto.factories.AutoImportMethodFactory
	at org.codehaus.plexus.classworlds.strategy.SelfFirstStrategy.loadClass(SelfFirstStrategy.java:50)
	at org.codehaus.plexus.classworlds.realm.ClassRealm.unsynchronizedLoadClass(ClassRealm.java:271)
	at org.codehaus.plexus.classworlds.realm.ClassRealm.loadClass(ClassRealm.java:247)
	at org.codehaus.plexus.classworlds.realm.ClassRealm.loadClass(ClassRealm.java:239)
	at java.lang.Class.forName0(Native Method)
	at java.lang.Class.forName(Class.java:264)
	at com.eviware.soapui.plugins.LoaderBase.loadAutoFactories(LoaderBase.java:113)
	at com.eviware.soapui.plugins.LoaderBase.loadFactories(LoaderBase.java:80)
	at com.eviware.soapui.plugins.PluginLoader.loadPluginFactories(PluginLoader.java:141)
	at com.eviware.soapui.plugins.PluginLoader.loadPlugin(PluginLoader.java:104)
	at com.eviware.soapui.plugins.PluginLoader.loadPlugin(PluginLoader.java:54)
	at com.eviware.soapui.plugins.PluginManager.doInstallPlugin(PluginManager.java:141)
	at com.eviware.soapui.plugins.PluginManager.access$600(PluginManager.java:43)
	at com.eviware.soapui.plugins.PluginManager$LoadPluginsTask.computeSequentially(PluginManager.java:420)
	at com.eviware.soapui.plugins.PluginManager$LoadPluginsTask.compute(PluginManager.java:377)
	at com.eviware.soapui.plugins.PluginManager$LoadPluginsTask.compute(PluginManager.java:382)
	at com.eviware.soapui.plugins.PluginManager$LoadPluginsTask.compute(PluginManager.java:365)
	at java.util.concurrent.RecursiveTask.exec(RecursiveTask.java:94)
	at java.util.concurrent.ForkJoinTask.doExec(ForkJoinTask.java:289)
	at java.util.concurrent.ForkJoinPool$WorkQueue.runTask(ForkJoinPool.java:1056)
	at java.util.concurrent.ForkJoinPool.runWorker(ForkJoinPool.java:1692)
	at java.util.concurrent.ForkJoinWorkerThread.run(ForkJoinWorkerThread.java:157)
2021-03-03 19:40:14,191 INFO  [PluginManager] 5 plugins loaded in 7109 ms
2021-03-03 19:40:14,191 INFO  [DefaultSoapUICore] All plugins loaded
2021-03-03 19:40:16,164 INFO  [WsdlProject] Loaded project from [file:/C:/Users/AnandKR/git/IBM_SoapUI/SOAP-Project-soapui-project.xml]
2021-03-03 19:40:16,181 INFO  [SoapUITestCaseRunner] Running SoapUI tests in project [SOAP Project]
2021-03-03 19:40:16,183 INFO  [SoapUITestCaseRunner] Running Project [SOAP Project], runType = SEQUENTIAL
2021-03-03 19:40:16,216 INFO  [SoapUITestCaseRunner] Running SoapUI testcase [Create and Delete Customer]
2021-03-03 19:40:16,253 INFO  [SoapUITestCaseRunner] running step [Properties]
2021-03-03 19:40:16,341 INFO  [SoapUITestCaseRunner] running step [Property Transfer]
2021-03-03 19:40:16,939 INFO  [SoapUITestCaseRunner] running step [Save Customer]
2021-03-03 19:40:19,156 INFO  [SchemaUtils] Added default schema from file:/C:/Users/AnandKR/.m2/repository/com/smartbear/soapui/soapui/5.5.0/soapui-5.5.0.jar!/com/eviware/soapui/resources/xsds/xop.xsd with targetNamespace http://www.w3.org/2004/08/xop/include
2021-03-03 19:40:19,198 INFO  [SchemaUtils] Added default schema from file:/C:/Users/AnandKR/.m2/repository/com/smartbear/soapui/soapui/5.5.0/soapui-5.5.0.jar!/com/eviware/soapui/resources/xsds/XMLSchema.xsd with targetNamespace http://www.w3.org/2001/XMLSchema
2021-03-03 19:40:19,202 INFO  [SchemaUtils] Added default schema from file:/C:/Users/AnandKR/.m2/repository/com/smartbear/soapui/soapui/5.5.0/soapui-5.5.0.jar!/com/eviware/soapui/resources/xsds/xml.xsd with targetNamespace http://www.w3.org/XML/1998/namespace
2021-03-03 19:40:19,204 INFO  [SchemaUtils] Added default schema from file:/C:/Users/AnandKR/.m2/repository/com/smartbear/soapui/soapui/5.5.0/soapui-5.5.0.jar!/com/eviware/soapui/resources/xsds/swaref.xsd with targetNamespace http://ws-i.org/profiles/basic/1.1/xsd
2021-03-03 19:40:19,206 INFO  [SchemaUtils] Added default schema from file:/C:/Users/AnandKR/.m2/repository/com/smartbear/soapui/soapui/5.5.0/soapui-5.5.0.jar!/com/eviware/soapui/resources/xsds/xmime200505.xsd with targetNamespace http://www.w3.org/2005/05/xmlmime
2021-03-03 19:40:19,209 INFO  [SchemaUtils] Added default schema from file:/C:/Users/AnandKR/.m2/repository/com/smartbear/soapui/soapui/5.5.0/soapui-5.5.0.jar!/com/eviware/soapui/resources/xsds/xmime200411.xsd with targetNamespace http://www.w3.org/2004/11/xmlmime
2021-03-03 19:40:19,230 INFO  [SchemaUtils] Added default schema from file:/C:/Users/AnandKR/.m2/repository/com/smartbear/soapui/soapui/5.5.0/soapui-5.5.0.jar!/com/eviware/soapui/resources/xsds/soapEnvelope.xsd with targetNamespace http://schemas.xmlsoap.org/soap/envelope/
2021-03-03 19:40:19,253 INFO  [SchemaUtils] Added default schema from file:/C:/Users/AnandKR/.m2/repository/com/smartbear/soapui/soapui/5.5.0/soapui-5.5.0.jar!/com/eviware/soapui/resources/xsds/soapEncoding.xsd with targetNamespace http://schemas.xmlsoap.org/soap/encoding/
2021-03-03 19:40:19,268 INFO  [SchemaUtils] Added default schema from file:/C:/Users/AnandKR/.m2/repository/com/smartbear/soapui/soapui/5.5.0/soapui-5.5.0.jar!/com/eviware/soapui/resources/xsds/soapEnvelope12.xsd with targetNamespace http://www.w3.org/2003/05/soap-envelope
2021-03-03 19:40:19,272 INFO  [SchemaUtils] Added default schema from file:/C:/Users/AnandKR/.m2/repository/com/smartbear/soapui/soapui/5.5.0/soapui-5.5.0.jar!/com/eviware/soapui/resources/xsds/soapEncoding12.xsd with targetNamespace http://www.w3.org/2003/05/soap-encoding
2021-03-03 19:40:19,280 INFO  [SchemaUtils] Loading schema types from [file:/C:/Users/KunalRaool/Desktop/SDET/SOAPUI%20project/Project/SOAP%20API%20WSDL%20EndPoints/SOAP%20API%20WSDL%20EndPoints/customerCustomerRepositoryV1.xml]
2021-03-03 19:40:19,282 INFO  [SchemaUtils] Getting schema file:/C:/Users/KunalRaool/Desktop/SDET/SOAPUI%20project/Project/SOAP%20API%20WSDL%20EndPoints/SOAP%20API%20WSDL%20EndPoints/customerCustomerRepositoryV1.xml
2021-03-03 19:40:20,612 INFO  [SoapUITestCaseRunner] Assertion [SOAP Response] has status VALID
2021-03-03 19:40:20,612 INFO  [SoapUITestCaseRunner] Assertion [Schema Compliance] has status VALID
2021-03-03 19:40:20,615 INFO  [SoapUITestCaseRunner] Assertion [Not SOAP Fault] has status VALID
2021-03-03 19:40:20,621 INFO  [SoapUITestCaseRunner] Assertion [Save customer id to test case variable] has status VALID
2021-03-03 19:40:20,622 INFO  [SoapUITestCaseRunner] Assertion [Contains email from properties] has status VALID
2021-03-03 19:40:20,623 INFO  [SoapUITestCaseRunner] running step [Search customer in list]
2021-03-03 19:40:29,464 INFO  [SoapUITestCaseRunner] Assertion [SOAP Response] has status VALID
2021-03-03 19:40:29,465 INFO  [SoapUITestCaseRunner] Assertion [Schema Compliance] has status VALID
2021-03-03 19:40:29,468 INFO  [SoapUITestCaseRunner] Assertion [Not SOAP Fault] has status VALID
2021-03-03 19:40:29,478 INFO  [SoapUITestCaseRunner] Assertion [Contains customer id] has status VALID
2021-03-03 19:40:29,481 INFO  [SoapUITestCaseRunner] running step [Delete Customer]
2021-03-03 19:40:30,679 INFO  [SoapUITestCaseRunner] Assertion [SOAP Response] has status VALID
2021-03-03 19:40:30,679 INFO  [SoapUITestCaseRunner] Assertion [Schema Compliance] has status VALID
2021-03-03 19:40:30,680 INFO  [SoapUITestCaseRunner] Assertion [Not SOAP Fault] has status VALID
2021-03-03 19:40:30,685 INFO  [SoapUITestCaseRunner] Assertion [Success response] has status VALID
2021-03-03 19:40:30,685 INFO  [SoapUITestCaseRunner] running step [Verify if customer deleted by Id]
2021-03-03 19:40:31,487 WARN  [WsdlValidator] Missing matching Fault in wsdl for bindingOperation [customerCustomerRepositoryV1GetById]
2021-03-03 19:40:31,499 INFO  [SoapUITestCaseRunner] Assertion [SOAP Response] has status VALID
2021-03-03 19:40:31,500 INFO  [SoapUITestCaseRunner] Assertion [Schema Compliance] has status VALID
2021-03-03 19:40:31,501 INFO  [SoapUITestCaseRunner] Assertion [SOAP Fault] has status VALID
2021-03-03 19:40:31,502 INFO  [SoapUITestCaseRunner] Assertion [Contains error message] has status VALID
2021-03-03 19:40:31,503 INFO  [SoapUITestCaseRunner] Assertion [XPath Match] has status VALID
2021-03-03 19:40:31,507 INFO  [SoapUITestCaseRunner] Assertion [Contains] has status VALID
2021-03-03 19:40:31,511 INFO  [SoapUITestCaseRunner] Assertion [Contains customer id] has status VALID
2021-03-03 19:40:31,517 INFO  [SoapUITestCaseRunner] Finished running SoapUI testcase [Create and Delete Customer], time taken: 15170ms, status: FINISHED
2021-03-03 19:40:31,532 INFO  [SoapUITestCaseRunner] Running SoapUI testcase [System Testing]
2021-03-03 19:40:31,532 INFO  [SoapUITestCaseRunner] running step [Data Driven Testing]
2021-03-03 19:40:32,363 INFO  [log] The number of rows are 2
2021-03-03 19:40:32,441 INFO  [SoapUITestCaseRunner] Running SoapUI testcase [Create and Delete Customer]
2021-03-03 19:40:32,447 INFO  [SoapUITestCaseRunner] running step [Properties]
2021-03-03 19:40:32,461 INFO  [SoapUITestCaseRunner] running step [Property Transfer]
2021-03-03 19:40:32,482 INFO  [SoapUITestCaseRunner] running step [Save Customer]
2021-03-03 19:40:33,919 INFO  [SoapUITestCaseRunner] Assertion [SOAP Response] has status VALID
2021-03-03 19:40:33,919 INFO  [SoapUITestCaseRunner] Assertion [Schema Compliance] has status VALID
2021-03-03 19:40:33,920 INFO  [SoapUITestCaseRunner] Assertion [Not SOAP Fault] has status VALID
2021-03-03 19:40:33,921 INFO  [SoapUITestCaseRunner] Assertion [Save customer id to test case variable] has status VALID
2021-03-03 19:40:33,922 INFO  [SoapUITestCaseRunner] Assertion [Contains email from properties] has status VALID
2021-03-03 19:40:33,923 INFO  [SoapUITestCaseRunner] running step [Search customer in list]
2021-03-03 19:40:40,158 INFO  [SoapUITestCaseRunner] Assertion [SOAP Response] has status VALID
2021-03-03 19:40:40,158 INFO  [SoapUITestCaseRunner] Assertion [Schema Compliance] has status VALID
2021-03-03 19:40:40,161 INFO  [SoapUITestCaseRunner] Assertion [Not SOAP Fault] has status VALID
2021-03-03 19:40:40,167 INFO  [SoapUITestCaseRunner] Assertion [Contains customer id] has status VALID
2021-03-03 19:40:40,168 INFO  [SoapUITestCaseRunner] running step [Delete Customer]
2021-03-03 19:40:41,210 INFO  [SoapUITestCaseRunner] Assertion [SOAP Response] has status VALID
2021-03-03 19:40:41,210 INFO  [SoapUITestCaseRunner] Assertion [Schema Compliance] has status VALID
2021-03-03 19:40:41,211 INFO  [SoapUITestCaseRunner] Assertion [Not SOAP Fault] has status VALID
2021-03-03 19:40:41,211 INFO  [SoapUITestCaseRunner] Assertion [Success response] has status VALID
2021-03-03 19:40:41,213 INFO  [SoapUITestCaseRunner] running step [Verify if customer deleted by Id]
2021-03-03 19:40:42,049 WARN  [WsdlValidator] Missing matching Fault in wsdl for bindingOperation [customerCustomerRepositoryV1GetById]
2021-03-03 19:40:42,063 INFO  [SoapUITestCaseRunner] Assertion [SOAP Response] has status VALID
2021-03-03 19:40:42,071 INFO  [SoapUITestCaseRunner] Assertion [Schema Compliance] has status VALID
2021-03-03 19:40:42,076 INFO  [SoapUITestCaseRunner] Assertion [SOAP Fault] has status VALID
2021-03-03 19:40:42,077 INFO  [SoapUITestCaseRunner] Assertion [Contains error message] has status VALID
2021-03-03 19:40:42,087 INFO  [SoapUITestCaseRunner] Assertion [XPath Match] has status VALID
2021-03-03 19:40:42,089 INFO  [SoapUITestCaseRunner] Assertion [Contains] has status VALID
2021-03-03 19:40:42,094 INFO  [SoapUITestCaseRunner] Assertion [Contains customer id] has status VALID
2021-03-03 19:40:42,096 INFO  [SoapUITestCaseRunner] Finished running SoapUI testcase [Create and Delete Customer], time taken: 9561ms, status: FINISHED
2021-03-03 19:40:42,126 INFO  [log] The Status is FINISHED
2021-03-03 19:40:42,139 INFO  [log] Time taken is 9561 ms
2021-03-03 19:40:42,179 INFO  [log] Number of Steps executed is 6
2021-03-03 19:40:42,200 INFO  [SoapUITestCaseRunner] running step [Database Testing]
2021-03-03 19:40:42,898 INFO  [SoapUITestCaseRunner] Running SoapUI testcase [Create and Delete Customer]
2021-03-03 19:40:42,898 INFO  [SoapUITestCaseRunner] running step [Properties]
2021-03-03 19:40:42,903 INFO  [SoapUITestCaseRunner] running step [Property Transfer]
2021-03-03 19:40:42,920 INFO  [SoapUITestCaseRunner] running step [Save Customer]
2021-03-03 19:40:43,903 INFO  [SoapUITestCaseRunner] Assertion [SOAP Response] has status VALID
2021-03-03 19:40:43,903 INFO  [SoapUITestCaseRunner] Assertion [Schema Compliance] has status VALID
2021-03-03 19:40:43,908 INFO  [SoapUITestCaseRunner] Assertion [Not SOAP Fault] has status VALID
2021-03-03 19:40:43,912 INFO  [SoapUITestCaseRunner] Assertion [Save customer id to test case variable] has status VALID
2021-03-03 19:40:43,913 INFO  [SoapUITestCaseRunner] Assertion [Contains email from properties] has status VALID
2021-03-03 19:40:43,919 INFO  [SoapUITestCaseRunner] running step [Search customer in list]
2021-03-03 19:40:50,019 INFO  [SoapUITestCaseRunner] Assertion [SOAP Response] has status VALID
2021-03-03 19:40:50,019 INFO  [SoapUITestCaseRunner] Assertion [Schema Compliance] has status VALID
2021-03-03 19:40:50,021 INFO  [SoapUITestCaseRunner] Assertion [Not SOAP Fault] has status VALID
2021-03-03 19:40:50,029 INFO  [SoapUITestCaseRunner] Assertion [Contains customer id] has status VALID
2021-03-03 19:40:50,029 INFO  [SoapUITestCaseRunner] running step [Delete Customer]
2021-03-03 19:40:51,123 INFO  [SoapUITestCaseRunner] Assertion [SOAP Response] has status VALID
2021-03-03 19:40:51,124 INFO  [SoapUITestCaseRunner] Assertion [Schema Compliance] has status VALID
2021-03-03 19:40:51,125 INFO  [SoapUITestCaseRunner] Assertion [Not SOAP Fault] has status VALID
2021-03-03 19:40:51,127 INFO  [SoapUITestCaseRunner] Assertion [Success response] has status VALID
2021-03-03 19:40:51,128 INFO  [SoapUITestCaseRunner] running step [Verify if customer deleted by Id]
2021-03-03 19:40:51,881 WARN  [WsdlValidator] Missing matching Fault in wsdl for bindingOperation [customerCustomerRepositoryV1GetById]
2021-03-03 19:40:51,885 INFO  [SoapUITestCaseRunner] Assertion [SOAP Response] has status VALID
2021-03-03 19:40:51,885 INFO  [SoapUITestCaseRunner] Assertion [Schema Compliance] has status VALID
2021-03-03 19:40:51,886 INFO  [SoapUITestCaseRunner] Assertion [SOAP Fault] has status VALID
2021-03-03 19:40:51,888 INFO  [SoapUITestCaseRunner] Assertion [Contains error message] has status VALID
2021-03-03 19:40:51,892 INFO  [SoapUITestCaseRunner] Assertion [XPath Match] has status VALID
2021-03-03 19:40:51,893 INFO  [SoapUITestCaseRunner] Assertion [Contains] has status VALID
2021-03-03 19:40:51,900 INFO  [SoapUITestCaseRunner] Assertion [Contains customer id] has status VALID
2021-03-03 19:40:51,901 INFO  [SoapUITestCaseRunner] Finished running SoapUI testcase [Create and Delete Customer], time taken: 8939ms, status: FINISHED
2021-03-03 19:40:51,907 INFO  [log] The Status is FINISHED
2021-03-03 19:40:51,909 INFO  [log] Time taken is 8939 ms
2021-03-03 19:40:51,910 INFO  [log] Number of Steps executed is 6
2021-03-03 19:40:51,926 INFO  [SoapUITestCaseRunner] Finished running SoapUI testcase [System Testing], time taken: 20390ms, status: FINISHED
2021-03-03 19:40:51,927 INFO  [SoapUITestCaseRunner] Project [SOAP Project] finished with status [FINISHED] in 35735ms
2021-03-03 19:40:57,263 WARN  [Tools] Could not delete temporary directory C:\Users\AnandKR\AppData\Local\Temp\7f14845b-972d-492e-b71d-ecf7d29b5cfb
2021-03-03 19:40:57,270 WARN  [Tools] Could not delete temporary directory C:\Users\AnandKR\AppData\Local\Temp\a4a82033-41c4-49ce-a990-c83560edc6a3
